<?xml version="1.0" encoding="UTF-8"?>
<!-- Generated by org.testng.reporters.JUnitReportReporter -->
<testsuite hostname="DESKTOP-9RJ5S8R" failures="0" tests="4" name="test.SwagLabLoginTest" time="296.557" errors="0" timestamp="2024-03-14T22:50:55 IST" skipped="0">
  <testcase classname="test.SwagLabLoginTest" name="loginWithProblemUser" time="112.427"/>
  <testcase classname="test.SwagLabLoginTest" name="loginWithPerformanceGlitchUser" time="75.531"/>
  <testcase classname="test.SwagLabLoginTest" name="loginWithValidCredentials" time="49.649"/>
  <testcase classname="test.SwagLabLoginTest" name="loginWithLockedOutUser" time="58.950"/>
</testsuite> <!-- test.SwagLabLoginTest -->
